Using pre-set license
Built from '2020.3/staging' branch; Version is '2020.3.16f1 (049d6eca3c44) revision 302446'; Using compiler version '192528614'; Build Type 'Release'
OS: 'Windows 10 Pro; OS build 19042.1237; Version 2009; 64bit' Language: 'en' Physical Memory: 16315 MB
BatchMode: 1, IsHumanControllingUs: 0, StartBugReporterOnCrash: 0, Is64bit: 1, IsPro: 0

 COMMAND LINE ARGUMENTS:
C:\Program Files\Unity\2020.3.16f1\Editor\Unity.exe
-adb2
-batchMode
-noUpm
-name
AssetImportWorker0
-projectPath
D:/WORK/UDINUS/Unity/GP PROJECT/Game Project
-logFile
Logs/AssetImportWorker0.log
-srvPort
57409
Successfully changed project path to: D:/WORK/UDINUS/Unity/GP PROJECT/Game Project
D:/WORK/UDINUS/Unity/GP PROJECT/Game Project
Using Asset Import Pipeline V2.
Refreshing native plugins compatible for Editor in 63.29 ms, found 3 plugins.
Preloading 0 native plugins for Editor in 0.00 ms.
Initialize engine version: 2020.3.16f1 (049d6eca3c44)
[Subsystems] Discovering subsystems at path C:/Program Files/Unity/2020.3.16f1/Editor/Data/Resources/UnitySubsystems
[Subsystems] Discovering subsystems at path D:/WORK/UDINUS/Unity/GP PROJECT/Game Project/Assets
GfxDevice: creating device client; threaded=0
Direct3D:
    Version:  Direct3D 11.0 [level 11.1]
    Renderer: Radeon RX 570 Series (ID=0x67df)
    Vendor:   
    VRAM:     4075 MB
    Driver:   27.20.14527.2002
Initialize mono
Mono path[0] = 'C:/Program Files/Unity/2020.3.16f1/Editor/Data/Managed'
Mono path[1] = 'C:/Program Files/Unity/2020.3.16f1/Editor/Data/MonoBleedingEdge/lib/mono/unityjit'
Mono config path = 'C:/Program Files/Unity/2020.3.16f1/Editor/Data/MonoBleedingEdge/etc'
Using monoOptions --debugger-agent=transport=dt_socket,embedding=1,server=y,suspend=n,address=127.0.0.1:56132
Begin MonoManager ReloadAssembly
Registering precompiled unity dll's ...
Register platform support module: C:/Program Files/Unity/2020.3.16f1/Editor/Data/PlaybackEngines/WebGLSupport/UnityEditor.WebGL.Extensions.dll
Register platform support module: C:/Program Files/Unity/2020.3.16f1/Editor/Data/PlaybackEngines/WindowsStandaloneSupport/UnityEditor.WindowsStandalone.Extensions.dll
Registered in 0.003709 seconds.
Native extension for WindowsStandalone target not found
Native extension for WebGL target not found
Refreshing native plugins compatible for Editor in 59.61 ms, found 3 plugins.
Preloading 0 native plugins for Editor in 0.00 ms.
Mono: successfully reloaded assembly
- Completed reload, in  2.961 seconds
Domain Reload Profiling:
	ReloadAssembly (2962ms)
		BeginReloadAssembly (90ms)
			ExecutionOrderSort (0ms)
			DisableScriptedObjects (0ms)
			BackupInstance (0ms)
			ReleaseScriptingObjects (0ms)
			CreateAndSetChildDomain (1ms)
		EndReloadAssembly (574ms)
			LoadAssemblies (83ms)
			RebuildTransferFunctionScriptingTraits (0ms)
			SetupTypeCache (211ms)
			ReleaseScriptCaches (0ms)
			RebuildScriptCaches (40ms)
			SetupLoadedEditorAssemblies (233ms)
				LogAssemblyErrors (0ms)
				InitializePlatformSupportModulesInManaged (8ms)
				SetLoadedEditorAssemblies (0ms)
				RefreshPlugins (60ms)
				BeforeProcessingInitializeOnLoad (20ms)
				ProcessInitializeOnLoadAttributes (106ms)
				ProcessInitializeOnLoadMethodAttributes (38ms)
				AfterProcessingInitializeOnLoad (0ms)
				EditorAssembliesLoaded (0ms)
			ExecutionOrderSort2 (0ms)
			AwakeInstancesAfterBackupRestoration (0ms)
Platform modules already initialized, skipping
Registering precompiled user dll's ...
Registered in 0.010931 seconds.
Begin MonoManager ReloadAssembly
Native extension for WindowsStandalone target not found
Native extension for WebGL target not found
Refreshing native plugins compatible for Editor in 57.50 ms, found 3 plugins.
Preloading 0 native plugins for Editor in 0.00 ms.
Mono: successfully reloaded assembly
- Completed reload, in  1.648 seconds
Domain Reload Profiling:
	ReloadAssembly (1649ms)
		BeginReloadAssembly (193ms)
			ExecutionOrderSort (0ms)
			DisableScriptedObjects (5ms)
			BackupInstance (0ms)
			ReleaseScriptingObjects (0ms)
			CreateAndSetChildDomain (24ms)
		EndReloadAssembly (1366ms)
			LoadAssemblies (128ms)
			RebuildTransferFunctionScriptingTraits (0ms)
			SetupTypeCache (438ms)
			ReleaseScriptCaches (1ms)
			RebuildScriptCaches (58ms)
			SetupLoadedEditorAssemblies (589ms)
				LogAssemblyErrors (0ms)
				InitializePlatformSupportModulesInManaged (7ms)
				SetLoadedEditorAssemblies (0ms)
				RefreshPlugins (58ms)
				BeforeProcessingInitializeOnLoad (124ms)
				ProcessInitializeOnLoadAttributes (373ms)
				ProcessInitializeOnLoadMethodAttributes (18ms)
				AfterProcessingInitializeOnLoad (9ms)
				EditorAssembliesLoaded (0ms)
			ExecutionOrderSort2 (0ms)
			AwakeInstancesAfterBackupRestoration (9ms)
Platform modules already initialized, skipping
========================================================================
Worker process is ready to serve import requests
Launched and connected shader compiler UnityShaderCompiler.exe after 0.19 seconds
Refreshing native plugins compatible for Editor in 0.49 ms, found 3 plugins.
Preloading 0 native plugins for Editor in 0.00 ms.
Unloading 2097 Unused Serialized files (Serialized files now loaded: 0)
System memory in use before: 93.2 MB.
System memory in use after: 93.3 MB.

Unloading 28 unused Assets to reduce memory usage. Loaded Objects now: 2534.
Total: 6.689300 ms (FindLiveObjects: 0.247300 ms CreateObjectMapping: 0.059900 ms MarkObjects: 6.269600 ms  DeleteObjects: 0.110000 ms)

AssetImportParameters requested are different than current active one (requested -> active):
  custom:framework-win-MediaFoundation: 216162199b28c13a410421893ffa2e32 -> 
  custom:video-decoder-ogg-theora: a1e56fd34408186e4bbccfd4996cb3dc -> 
  custom:container-muxer-webm: aa71ff27fc2769a1b78a27578f13a17b -> 
  custom:container-demuxer-webm: 4f35f7cbe854078d1ac9338744f61a02 -> 
  custom:container-demuxer-ogg: 62fdf1f143b41e24485cea50d1cbac27 -> 
  custom:video-encoder-webm-vp8: eb34c28f22e8b96e1ab97ce403110664 -> 
  custom:video-decoder-webm-vp8: 9c59270c3fd7afecdb556c50c9e8de78 -> 
  custom:audio-decoder-ogg-vorbis: bf7c407c2cedff20999df2af8eb42d56 -> 
  custom:audio-encoder-webm-vorbis: bf7c407c2cedff20999df2af8eb42d56 -> 
========================================================================
Received Import Request.
  path: Assets/Images/Pertemuan 3
  artifactKey: Guid(ab00633c645e294429724a6622bed4c6) Importer(815301076,1909f56bfc062723c751e8b465ee728b)
Start importing Assets/Images/Pertemuan 3 using Guid(ab00633c645e294429724a6622bed4c6) Importer(815301076,1909f56bfc062723c751e8b465ee728b)  -> (artifact id: 'dad75c12e6b73056f8e30bb1bc12087c') in 0.037607 seconds 
  Import took 0.126206 seconds .

========================================================================
Received Import Request.
  Time since last request: 3.643783 seconds.
  path: Assets/Images/Pertemuan 3/coinsprite.png
  artifactKey: Guid(65f59f1781679ce49a4da509a2907fda) Importer(815301076,1909f56bfc062723c751e8b465ee728b)
Start importing Assets/Images/Pertemuan 3/coinsprite.png using Guid(65f59f1781679ce49a4da509a2907fda) Importer(815301076,1909f56bfc062723c751e8b465ee728b)  -> (artifact id: 'a952a0348e9dd64abd74a5e46721afae') in 0.213145 seconds 
  Import took 0.244045 seconds .

========================================================================
Received Import Request.
  Time since last request: 74.326695 seconds.
  path: Assets/Images/Pertemuan 3/Coin.png
  artifactKey: Guid(65f59f1781679ce49a4da509a2907fda) Importer(815301076,1909f56bfc062723c751e8b465ee728b)
Start importing Assets/Images/Pertemuan 3/Coin.png using Guid(65f59f1781679ce49a4da509a2907fda) Importer(815301076,1909f56bfc062723c751e8b465ee728b)  -> (artifact id: 'fc49f5f0b5455d496d43707fbd7095f1') in 0.106213 seconds 
  Import took 0.125638 seconds .

========================================================================
Received Import Request.
  Time since last request: 21.510728 seconds.
  path: Assets/Scenes/Pertemuan 3.unity
  artifactKey: Guid(75ab016351dc91c4495f4efea2fe228f) Importer(815301076,1909f56bfc062723c751e8b465ee728b)
Start importing Assets/Scenes/Pertemuan 3.unity using Guid(75ab016351dc91c4495f4efea2fe228f) Importer(815301076,1909f56bfc062723c751e8b465ee728b)  -> (artifact id: 'cb63ab193309ef63a8c47d32788037e1') in 0.012625 seconds 
  Import took 0.044726 seconds .

========================================================================
Received Import Request.
  Time since last request: 46.749579 seconds.
  path: Assets/Images/Pertemuan 3/Coin.png
  artifactKey: Guid(65f59f1781679ce49a4da509a2907fda) Importer(815301076,1909f56bfc062723c751e8b465ee728b)
Start importing Assets/Images/Pertemuan 3/Coin.png using Guid(65f59f1781679ce49a4da509a2907fda) Importer(815301076,1909f56bfc062723c751e8b465ee728b)  -> (artifact id: '29f46dc13b69c9f3e7d2761970cfc5bf') in 0.025312 seconds 
  Import took 0.050773 seconds .

========================================================================
Received Import Request.
  Time since last request: 0.004380 seconds.
  path: Assets/Images/Pertemuan 3/Coin.png
  artifactKey: Guid(65f59f1781679ce49a4da509a2907fda) Importer(815301076,1909f56bfc062723c751e8b465ee728b)
Start importing Assets/Images/Pertemuan 3/Coin.png using Guid(65f59f1781679ce49a4da509a2907fda) Importer(815301076,1909f56bfc062723c751e8b465ee728b)  -> (artifact id: '29f46dc13b69c9f3e7d2761970cfc5bf') in 0.028769 seconds 
  Import took 0.032972 seconds .

========================================================================
Received Import Request.
  Time since last request: 76.621203 seconds.
  path: Assets/Images/Pertemuan 3/coinsprite.png
  artifactKey: Guid(7278a8ef6f4a76c4aa620fa5aee5a93b) Importer(815301076,1909f56bfc062723c751e8b465ee728b)
Start importing Assets/Images/Pertemuan 3/coinsprite.png using Guid(7278a8ef6f4a76c4aa620fa5aee5a93b) Importer(815301076,1909f56bfc062723c751e8b465ee728b)  -> (artifact id: '5fa0b9a2a5777906c7da0e0643194e7e') in 0.028718 seconds 
  Import took 0.056623 seconds .

========================================================================
Received Import Request.
  Time since last request: 7.528342 seconds.
  path: Assets/Images/Pertemuan 3/Coin.png
  artifactKey: Guid(7278a8ef6f4a76c4aa620fa5aee5a93b) Importer(815301076,1909f56bfc062723c751e8b465ee728b)
Start importing Assets/Images/Pertemuan 3/Coin.png using Guid(7278a8ef6f4a76c4aa620fa5aee5a93b) Importer(815301076,1909f56bfc062723c751e8b465ee728b)  -> (artifact id: 'f4ebe743c05e580f0b73e57155363322') in 0.018414 seconds 
  Import took 0.027998 seconds .

========================================================================
Received Import Request.
  Time since last request: 241.171065 seconds.
  path: Assets/Images/Pertemuan 3/Coin.png
  artifactKey: Guid(7278a8ef6f4a76c4aa620fa5aee5a93b) Importer(815301076,1909f56bfc062723c751e8b465ee728b)
Start importing Assets/Images/Pertemuan 3/Coin.png using Guid(7278a8ef6f4a76c4aa620fa5aee5a93b) Importer(815301076,1909f56bfc062723c751e8b465ee728b)  -> (artifact id: '4668ef28e4e4745433b1a59b712bc432') in 0.018775 seconds 
  Import took 0.061000 seconds .

AssetImportWorkerClient::OnTransportError - code=2 error=End of file
